[    0.000000] Linux version 4.15.0-72-generic (buildd@lcy01-amd64-026) (gcc version 7.4.0 (Ubuntu 7.4.0-1ubuntu1~18.04.1)) #81-Ubuntu SMP Tue Nov 26 12:20:02 UTC 2019 (Ubuntu 4.15.0-72.81-generic 4.15.18)
[    0.000000] Command line: BOOT_IMAGE=/boot/vmlinuz-4.15.0-72-generic root=LABEL=cloudimg-rootfs ro console=tty1 console=ttyS0
[    0.000000] KERNEL supported cpus:
[    0.000000]   Intel GenuineIntel
[    0.000000]   AMD AuthenticAMD
[    0.000000]   Centaur CentaurHauls
[    0.000000] x86/fpu: Supporting XSAVE feature 0x001: 'x87 floating point registers'
[    0.000000] x86/fpu: Supporting XSAVE feature 0x002: 'SSE registers'
[    0.000000] x86/fpu: Supporting XSAVE feature 0x004: 'AVX registers'
[    0.000000] x86/fpu: xstate_offset[2]:  576, xstate_sizes[2]:  256
[    0.000000] x86/fpu: Enabled xstate features 0x7, context size is 832 bytes, using 'standard' format.
[    0.000000] e820: BIOS-provided physical RAM map:
[    0.000000] BIOS-e820: [mem 0x0000000000000000-0x000000000009fbff] usable
[    0.000000] BIOS-e820: [mem 0x000000000009fc00-0x000000000009ffff] reserved
[    0.000000] BIOS-e820: [mem 0x00000000000f0000-0x00000000000fffff] reserved
[    0.000000] BIOS-e820: [mem 0x0000000000100000-0x000000003ffeffff] usable
[    0.000000] BIOS-e820: [mem 0x000000003fff0000-0x000000003fffffff] ACPI data
[    0.000000] BIOS-e820: [mem 0x00000000fec00000-0x00000000fec00fff] reserved
[    0.000000] BIOS-e820: [mem 0x00000000fee00000-0x00000000fee00fff] reserved
[    0.000000] BIOS-e820: [mem 0x00000000fffc0000-0x00000000ffffffff] reserved
[    0.000000] NX (Execute Disable) protection: active
[    0.000000] SMBIOS 2.5 present.
[    0.000000] DMI: innotek GmbH VirtualBox/VirtualBox, BIOS VirtualBox 12/01/2006
[    0.000000] Hypervisor detected: KVM
[    0.000000] e820: last_pfn = 0x3fff0 max_arch_pfn = 0x400000000
[    0.000000] MTRR: Disabled
[    0.000000] x86/PAT: MTRRs disabled, skipping PAT initialization too.
[    0.000000] CPU MTRRs all blank - virtualized system.
[    0.000000] x86/PAT: Configuration [0-7]: WB  WT  UC- UC  WB  WT  UC- UC  
[    0.000000] found SMP MP-table at [mem 0x0009fff0-0x0009ffff]
[    0.000000] Scanning 1 areas for low memory corruption
[    0.000000] RAMDISK: [mem 0x35a71000-0x36d2ffff]
[    0.000000] ACPI: Early table checksum verification disabled
[    0.000000] ACPI: RSDP 0x00000000000E0000 000024 (v02 VBOX  )
[    0.000000] ACPI: XSDT 0x000000003FFF0030 00003C (v01 VBOX   VBOXXSDT 00000001 ASL  00000061)
[    0.000000] ACPI: FACP 0x000000003FFF00F0 0000F4 (v04 VBOX   VBOXFACP 00000001 ASL  00000061)
[    0.000000] ACPI: DSDT 0x000000003FFF0470 0022EA (v02 VBOX   VBOXBIOS 00000002 INTL 20100528)
[    0.000000] ACPI: FACS 0x000000003FFF0200 000040
[    0.000000] ACPI: FACS 0x000000003FFF0200 000040
[    0.000000] ACPI: APIC 0x000000003FFF0240 00005C (v02 VBOX   VBOXAPIC 00000001 ASL  00000061)
[    0.000000] ACPI: SSDT 0x000000003FFF02A0 0001CC (v01 VBOX   VBOXCPUT 00000002 INTL 20100528)
[    0.000000] No NUMA configuration found
[    0.000000] Faking a node at [mem 0x0000000000000000-0x000000003ffeffff]
[    0.000000] NODE_DATA(0) allocated [mem 0x3ffc5000-0x3ffeffff]
[    0.000000] kvm-clock: cpu 0, msr 0:3ff44001, primary cpu clock
[    0.000000] kvm-clock: Using msrs 4b564d01 and 4b564d00
[    0.000000] kvm-clock: using sched offset of 6542082366 cycles
[    0.000000] clocksource: kvm-clock: mask: 0xffffffffffffffff max_cycles: 0x1cd42e4dffb, max_idle_ns: 881590591483 ns
[    0.000000] Zone ranges:
[    0.000000]   DMA      [mem 0x0000000000001000-0x0000000000ffffff]
[    0.000000]   DMA32    [mem 0x0000000001000000-0x000000003ffeffff]
[    0.000000]   Normal   empty
[    0.000000]   Device   empty
[    0.000000] Movable zone start for each node
[    0.000000] Early memory node ranges
[    0.000000]   node   0: [mem 0x0000000000001000-0x000000000009efff]
[    0.000000]   node   0: [mem 0x0000000000100000-0x000000003ffeffff]
[    0.000000] Reserved but unavailable: 98 pages
[    0.000000] Initmem setup node 0 [mem 0x0000000000001000-0x000000003ffeffff]
[    0.000000] ACPI: PM-Timer IO Port: 0x4008
[    0.000000] IOAPIC[0]: apic_id 2, version 32, address 0xfec00000, GSI 0-23
[    0.000000] ACPI: INT_SRC_OVR (bus 0 bus_irq 0 global_irq 2 dfl dfl)
[    0.000000] ACPI: INT_SRC_OVR (bus 0 bus_irq 9 global_irq 9 low level)
[    0.000000] Using ACPI (MADT) for SMP configuration information
[    0.000000] smpboot: Allowing 2 CPUs, 0 hotplug CPUs
[    0.000000] PM: Registered nosave memory: [mem 0x00000000-0x00000fff]
[    0.000000] PM: Registered nosave memory: [mem 0x0009f000-0x0009ffff]
[    0.000000] PM: Registered nosave memory: [mem 0x000a0000-0x000effff]
[    0.000000] PM: Registered nosave memory: [mem 0x000f0000-0x000fffff]
[    0.000000] e820: [mem 0x40000000-0xfebfffff] available for PCI devices
[    0.000000] Booting paravirtualized kernel on KVM
[    0.000000] clocksource: refined-jiffies: mask: 0xffffffff max_cycles: 0xffffffff, max_idle_ns: 7645519600211568 ns
[    0.000000] random: get_random_bytes called from start_kernel+0x99/0x4fd with crng_init=0
[    0.000000] setup_percpu: NR_CPUS:8192 nr_cpumask_bits:2 nr_cpu_ids:2 nr_node_ids:1
[    0.000000] percpu: Embedded 45 pages/cpu s147456 r8192 d28672 u1048576
[    0.000000] PV qspinlock hash table entries: 256 (order: 0, 4096 bytes)
[    0.000000] Built 1 zonelists, mobility grouping on.  Total pages: 257913
[    0.000000] Policy zone: DMA32
[    0.000000] Kernel command line: BOOT_IMAGE=/boot/vmlinuz-4.15.0-72-generic root=LABEL=cloudimg-rootfs ro console=tty1 console=ttyS0
[    0.000000] Memory: 983400K/1048120K available (12300K kernel code, 2481K rwdata, 4264K rodata, 2428K init, 2388K bss, 64720K reserved, 0K cma-reserved)
[    0.000000] SLUB: HWalign=64, Order=0-3, MinObjects=0, CPUs=2, Nodes=1
[    0.000000] Kernel/User page tables isolation: enabled
[    0.000000] ftrace: allocating 39318 entries in 154 pages
[    0.004000] Hierarchical RCU implementation.
[    0.004000] 	RCU restricting CPUs from NR_CPUS=8192 to nr_cpu_ids=2.
[    0.004000] 	Tasks RCU enabled.
[    0.004000] RCU: Adjusting geometry for rcu_fanout_leaf=16, nr_cpu_ids=2
[    0.004000] NR_IRQS: 524544, nr_irqs: 440, preallocated irqs: 16
[    0.004000] Console: colour VGA+ 80x25
[    0.004000] console [tty1] enabled
[    0.004000] console [ttyS0] enabled
[    0.004000] ACPI: Core revision 20170831
[    0.004000] ACPI: 2 ACPI AML tables successfully acquired and loaded
[    0.004000] APIC: Switch to symmetric I/O mode setup
[    0.004000] x2apic enabled
[    0.004010] Switched APIC routing to physical x2apic.
[    0.012000] ..TIMER: vector=0x30 apic1=0 pin1=2 apic2=-1 pin2=-1
[    0.012004] tsc: Detected 2294.688 MHz processor
[    0.016013] Calibrating delay loop (skipped) preset value.. 4589.37 BogoMIPS (lpj=9178752)
[    0.020007] pid_max: default: 32768 minimum: 301
[    0.022168] Security Framework initialized
[    0.024004] Yama: becoming mindful.
[    0.028049] AppArmor: AppArmor initialized
[    0.036106] Dentry cache hash table entries: 131072 (order: 8, 1048576 bytes)
[    0.044064] Inode-cache hash table entries: 65536 (order: 7, 524288 bytes)
[    0.047973] Mount-cache hash table entries: 2048 (order: 2, 16384 bytes)
[    0.048022] Mountpoint-cache hash table entries: 2048 (order: 2, 16384 bytes)
[    0.052695] Last level iTLB entries: 4KB 1024, 2MB 1024, 4MB 1024
[    0.056006] Last level dTLB entries: 4KB 1024, 2MB 1024, 4MB 1024, 1GB 4
[    0.060006] Spectre V1 : Mitigation: usercopy/swapgs barriers and __user pointer sanitization
[    0.064008] Spectre V2 : Mitigation: Full generic retpoline
[    0.068004] Spectre V2 : Spectre v2 / SpectreRSB mitigation: Filling RSB on context switch
[    0.072007] Speculative Store Bypass: Vulnerable
[    0.074984] MDS: Vulnerable: Clear CPU buffers attempted, no microcode
[    0.076584] Freeing SMP alternatives memory: 36K
[    0.193902] smpboot: CPU0: Intel(R) Core(TM) i5-4200U CPU @ 1.60GHz (family: 0x6, model: 0x45, stepping: 0x1)
[    0.196159] Performance Events: unsupported p6 CPU model 69 no PMU driver, software events only.
[    0.200000] Hierarchical SRCU implementation.
[    0.200983] NMI watchdog: Perf event create on CPU 0 failed with -2
[    0.204006] NMI watchdog: Perf NMI watchdog permanently disabled
[    0.208108] smp: Bringing up secondary CPUs ...
[    0.212191] x86: Booting SMP configuration:
[    0.214093] .... node  #0, CPUs:      #1
[    0.004000] kvm-clock: cpu 1, msr 0:3ff44041, secondary cpu clock
[    0.220064] smp: Brought up 1 node, 2 CPUs
[    0.222347] smpboot: Max logical packages: 1
[    0.224008] smpboot: Total of 2 processors activated (9178.75 BogoMIPS)
[    0.228216] devtmpfs: initialized
[    0.229848] x86/mm: Memory block size: 128MB
[    0.232578] evm: security.selinux
[    0.234129] evm: security.SMACK64
[    0.236006] evm: security.SMACK64EXEC
[    0.238136] evm: security.SMACK64TRANSMUTE
[    0.240007] evm: security.SMACK64MMAP
[    0.242223] evm: security.apparmor
[    0.244003] evm: security.ima
[    0.245649] evm: security.capability
[    0.248321] clocksource: jiffies: mask: 0xffffffff max_cycles: 0xffffffff, max_idle_ns: 7645041785100000 ns
[    0.252013] futex hash table entries: 512 (order: 3, 32768 bytes)
[    0.260040] pinctrl core: initialized pinctrl subsystem
[    0.264280] RTC time: 20:50:55, date: 12/08/19
[    0.268321] NET: Registered protocol family 16
[    0.272085] audit: initializing netlink subsys (disabled)
[    0.275159] audit: type=2000 audit(1575838263.189:1): state=initialized audit_enabled=0 res=1
[    0.276025] cpuidle: using governor ladder
[    0.280023] cpuidle: using governor menu
[    0.284154] ACPI: bus type PCI registered
[    0.286078] acpiphp: ACPI Hot Plug PCI Controller Driver version: 0.5
[    0.288213] PCI: Using configuration type 1 for base access
[    0.296141] HugeTLB registered 2.00 MiB page size, pre-allocated 0 pages
[    0.300290] ACPI: Added _OSI(Module Device)
[    0.302346] ACPI: Added _OSI(Processor Device)
[    0.304019] ACPI: Added _OSI(3.0 _SCP Extensions)
[    0.306318] ACPI: Added _OSI(Processor Aggregator Device)
[    0.308024] ACPI: Added _OSI(Linux-Dell-Video)
[    0.310488] ACPI: Added _OSI(Linux-Lenovo-NV-HDMI-Audio)
[    0.312006] ACPI: Added _OSI(Linux-HPI-Hybrid-Graphics)
[    0.316694] ACPI: Executed 1 blocks of module-level executable AML code
[    0.336725] ACPI: Interpreter enabled
[    0.338600] ACPI: (supports S0 S5)
[    0.340004] ACPI: Using IOAPIC for interrupt routing
[    0.344419] PCI: Using host bridge windows from ACPI; if necessary, use "pci=nocrs" and report a bug
[    0.348563] ACPI: Enabled 2 GPEs in block 00 to 07
[    0.376904] ACPI: PCI Root Bridge [PCI0] (domain 0000 [bus 00-ff])
[    0.379942] acpi PNP0A03:00: _OSC: OS supports [ASPM ClockPM Segments MSI]
[    0.385507] acpi PNP0A03:00: _OSC: not requesting OS control; OS requires [ExtendedConfig ASPM ClockPM MSI]
[    0.388032] acpi PNP0A03:00: fail to add MMCONFIG information, can't access extended PCI configuration space under this bridge.
[    0.396949] PCI host bridge to bus 0000:00
[    0.399002] pci_bus 0000:00: root bus resource [io  0x0000-0x0cf7 window]
[    0.400008] pci_bus 0000:00: root bus resource [io  0x0d00-0xffff window]
[    0.404010] pci_bus 0000:00: root bus resource [mem 0x000a0000-0x000bffff window]
[    0.407368] pci_bus 0000:00: root bus resource [mem 0x40000000-0xfdffffff window]
[    0.408006] pci_bus 0000:00: root bus resource [bus 00-ff]
[    0.419090] pci 0000:00:01.1: legacy IDE quirk: reg 0x10: [io  0x01f0-0x01f7]
[    0.420006] pci 0000:00:01.1: legacy IDE quirk: reg 0x14: [io  0x03f6]
[    0.424006] pci 0000:00:01.1: legacy IDE quirk: reg 0x18: [io  0x0170-0x0177]
[    0.428011] pci 0000:00:01.1: legacy IDE quirk: reg 0x1c: [io  0x0376]
[    0.465021] pci 0000:00:07.0: quirk: [io  0x4000-0x403f] claimed by PIIX4 ACPI
[    0.468000] pci 0000:00:07.0: quirk: [io  0x4100-0x410f] claimed by PIIX4 SMB
[    0.485347] ACPI: PCI Interrupt Link [LNKA] (IRQs 5 9 10 *11)
[    0.488662] ACPI: PCI Interrupt Link [LNKB] (IRQs 5 9 *10 11)
[    0.491560] ACPI: PCI Interrupt Link [LNKC] (IRQs 5 *9 10 11)
[    0.492545] ACPI: PCI Interrupt Link [LNKD] (IRQs 5 9 10 *11)
[    0.497095] SCSI subsystem initialized
[    0.500094] pci 0000:00:02.0: vgaarb: setting as boot VGA device
[    0.502622] pci 0000:00:02.0: vgaarb: VGA device added: decodes=io+mem,owns=io+mem,locks=none
[    0.504043] pci 0000:00:02.0: vgaarb: bridge control possible
[    0.508005] vgaarb: loaded
[    0.512056] ACPI: bus type USB registered
[    0.514031] usbcore: registered new interface driver usbfs
[    0.516026] usbcore: registered new interface driver hub
[    0.518349] usbcore: registered new device driver usb
[    0.520111] EDAC MC: Ver: 3.0.0
[    0.524434] PCI: Using ACPI for IRQ routing
[    0.526631] NetLabel: Initializing
[    0.528006] NetLabel:  domain hash size = 128
[    0.530004] NetLabel:  protocols = UNLABELED CIPSOv4 CALIPSO
[    0.532039] NetLabel:  unlabeled traffic allowed by default
[    0.536316] clocksource: Switched to clocksource kvm-clock
[    0.658606] VFS: Disk quotas dquot_6.6.0
[    0.660734] VFS: Dquot-cache hash table entries: 512 (order 0, 4096 bytes)
[    0.664292] AppArmor: AppArmor Filesystem Enabled
[    0.666450] pnp: PnP ACPI init
[    0.671242] pnp: PnP ACPI: found 3 devices
[    0.687358] clocksource: acpi_pm: mask: 0xffffff max_cycles: 0xffffff, max_idle_ns: 2085701024 ns
[    0.691620] NET: Registered protocol family 2
[    0.694275] TCP established hash table entries: 8192 (order: 4, 65536 bytes)
[    0.697602] TCP bind hash table entries: 8192 (order: 5, 131072 bytes)
[    0.720314] TCP: Hash tables configured (established 8192 bind 8192)
[    0.723338] UDP hash table entries: 512 (order: 2, 16384 bytes)
[    0.726012] UDP-Lite hash table entries: 512 (order: 2, 16384 bytes)
[    0.729425] NET: Registered protocol family 1
[    0.731419] pci 0000:00:00.0: Limiting direct PCI/PCI transfers
[    0.734186] pci 0000:00:01.0: Activating ISA DMA hang workarounds
[    0.736910] pci 0000:00:02.0: Video device with shadowed ROM at [mem 0x000c0000-0x000dffff]
[    0.741030] Unpacking initramfs...
[    2.144543] Freeing initrd memory: 19196K
[    2.146758] clocksource: tsc: mask: 0xffffffffffffffff max_cycles: 0x21139aef754, max_idle_ns: 440795211890 ns
[    2.152079] platform rtc_cmos: registered platform RTC device (no PNP device found)
[    2.156055] Scanning for low memory corruption every 60 seconds
[    2.160450] Initialise system trusted keyrings
[    2.162552] Key type blacklist registered
[    2.164831] workingset: timestamp_bits=36 max_order=18 bucket_order=0
[    2.171204] zbud: loaded
[    2.173853] squashfs: version 4.0 (2009/01/31) Phillip Lougher
[    2.177379] fuse init (API version 7.26)
[    2.185285] Key type asymmetric registered
[    2.187271] Asymmetric key parser 'x509' registered
[    2.189608] Block layer SCSI generic (bsg) driver version 0.4 loaded (major 246)
[    2.193417] io scheduler noop registered
[    2.195329] io scheduler deadline registered
[    2.197443] io scheduler cfq registered (default)
[    2.200737] ACPI: AC Adapter [AC] (on-line)
[    2.202883] input: Power Button as /devices/LNXSYSTM:00/LNXPWRBN:00/input/input0
[    2.206562] ACPI: Power Button [PWRF]
[    2.208727] input: Sleep Button as /devices/LNXSYSTM:00/LNXSLPBN:00/input/input1
[    2.212267] ACPI: Sleep Button [SLPF]
[    2.216690] Serial: 8250/16550 driver, 32 ports, IRQ sharing enabled
[    2.218036] ACPI: Battery Slot [BAT0] (battery present)
[    2.242958] 00:02: ttyS0 at I/O 0x3f8 (irq = 4, base_baud = 115200) is a 16550A
[    2.255662] Linux agpgart interface v0.103
[    2.262365] loop: module loaded
[    2.265469] scsi host0: ata_piix
[    2.267498] scsi host1: ata_piix
[    2.269257] ata1: PATA max UDMA/33 cmd 0x1f0 ctl 0x3f6 bmdma 0xd000 irq 14
[    2.272307] ata2: PATA max UDMA/33 cmd 0x170 ctl 0x376 bmdma 0xd008 irq 15
[    2.276073] libphy: Fixed MDIO Bus: probed
[    2.278276] tun: Universal TUN/TAP device driver, 1.6
[    2.280809] PPP generic driver version 2.4.2
[    2.282878] ehci_hcd: USB 2.0 'Enhanced' Host Controller (EHCI) Driver
[    2.285762] ehci-pci: EHCI PCI platform driver
[    2.287925] ehci-platform: EHCI generic platform driver
[    2.290401] ohci_hcd: USB 1.1 'Open' Host Controller (OHCI) Driver
[    2.293410] ohci-pci: OHCI PCI platform driver
[    2.295433] ohci-platform: OHCI generic platform driver
[    2.298142] uhci_hcd: USB Universal Host Controller Interface driver
[    2.301798] i8042: PNP: PS/2 Controller [PNP0303:PS2K,PNP0f03:PS2M] at 0x60,0x64 irq 1,12
[    2.308969] serio: i8042 KBD port at 0x60,0x64 irq 1
[    2.312222] serio: i8042 AUX port at 0x60,0x64 irq 12
[    2.315995] mousedev: PS/2 mouse device common for all mice
[    2.320810] input: AT Translated Set 2 keyboard as /devices/platform/i8042/serio0/input/input2
[    2.324632] rtc_cmos rtc_cmos: rtc core: registered rtc_cmos as rtc0
[    2.330172] rtc_cmos rtc_cmos: alarms up to one day, 114 bytes nvram
[    2.333917] i2c /dev entries driver
[    2.336231] device-mapper: uevent: version 1.0.3
[    2.339322] device-mapper: ioctl: 4.37.0-ioctl (2017-09-20) initialised: dm-devel@redhat.com
[    2.345011] ledtrig-cpu: registered to indicate activity on CPUs
[    2.349200] NET: Registered protocol family 10
[    2.359884] Segment Routing with IPv6
[    2.361788] NET: Registered protocol family 17
[    2.363930] Key type dns_resolver registered
[    2.366327] mce: Using 0 MCE banks
[    2.367973] RAS: Correctable Errors collector initialized.
[    2.370569] sched_clock: Marking stable (2370530133, 0)->(2908786146, -538256013)
[    2.375599] registered taskstats version 1
[    2.377602] Loading compiled-in X.509 certificates
[    2.384788] Loaded X.509 cert 'Build time autogenerated kernel key: f4f7241365689b0cbe3898188e65e316fd8f978d'
[    2.389492] zswap: loaded using pool lzo/zbud
[    2.401965] Key type big_key registered
[    2.404287] Key type trusted registered
[    2.410642] Key type encrypted registered
[    2.413213] AppArmor: AppArmor sha1 policy hashing enabled
[    2.416196] ima: No TPM chip found, activating TPM-bypass! (rc=-19)
[    2.419449] ima: Allocated hash algorithm: sha1
[    2.422280] evm: HMAC attrs: 0x1
[    2.425082]   Magic number: 15:547:851
[    2.428142]  index3: hash matches
[    2.430422]  index3: hash matches
[    2.432954] rtc_cmos rtc_cmos: setting system clock to 2019-12-08 20:50:57 UTC (1575838257)
[    2.438756] BIOS EDD facility v0.16 2004-Jun-25, 0 devices found
[    2.442521] EDD information not available.
[    2.460849] Freeing unused kernel image memory: 2428K
[    2.476723] Write protecting the kernel read-only data: 20480k
[    2.482363] Freeing unused kernel image memory: 2008K
[    2.486613] Freeing unused kernel image memory: 1880K
[    2.537576] x86/mm: Checked W+X mappings: passed, no W+X pages found.
[    2.540644] x86/mm: Checking user space page tables
[    2.586485] x86/mm: Checked W+X mappings: passed, no W+X pages found.
Loading, please wait...
starting version 237
[    2.785787] e1000: Intel(R) PRO/1000 Network Driver - version 7.3.21-k8-NAPI
[    2.790391] e1000: Copyright (c) 1999-2006 Intel Corporation.
[    2.816416] Fusion MPT base driver 3.04.20
[    2.819261] Copyright (c) 1999-2008 LSI Corporation
[    2.849272] Fusion MPT SPI Host driver 3.04.20
[    2.863074] AVX2 version of gcm_enc/dec engaged.
[    2.866508] AES CTR mode by8 optimization enabled
[    3.019690] input: ImExPS/2 Generic Explorer Mouse as /devices/platform/i8042/serio1/input/input4
[    3.348985] e1000 0000:00:03.0 eth0: (PCI:33MHz:32-bit) 02:4f:96:30:ef:2c
[    3.352591] e1000 0000:00:03.0 eth0: Intel(R) PRO/1000 Network Connection
[    3.358907] mptbase: ioc0: Initiating bringup
[    3.360745] e1000 0000:00:03.0 enp0s3: renamed from eth0
[    3.467264] ioc0: LSI53C1030 A0: Capabilities={Initiator}
[    3.721532] scsi host2: ioc0: LSI53C1030 A0, FwRev=00000000h, Ports=1, MaxQ=256, IRQ=20
[    3.895880] scsi 2:0:0:0: Direct-Access     VBOX     HARDDISK         1.0  PQ: 0 ANSI: 5
[    4.155495] scsi target2:0:0: Beginning Domain Validation
[    4.171535] scsi target2:0:0: Domain Validation skipping write tests
[    4.182007] scsi target2:0:0: Ending Domain Validation
[    4.190064] scsi target2:0:0: asynchronous
[    4.197122] scsi 2:0:1:0: Direct-Access     VBOX     HARDDISK         1.0  PQ: 0 ANSI: 5
[    4.642585] scsi target2:0:1: Beginning Domain Validation
[    4.649332] random: fast init done
[    4.655351] scsi target2:0:1: Domain Validation skipping write tests
[    4.661016] scsi target2:0:1: Ending Domain Validation
[    4.665865] scsi target2:0:1: asynchronous
[    4.683853] random: systemd-udevd: uninitialized urandom read (16 bytes read)
[    4.683989] sd 2:0:0:0: Attached scsi generic sg0 type 0
[    4.688853] random: systemd-udevd: uninitialized urandom read (16 bytes read)
[    4.692656] sd 2:0:1:0: Attached scsi generic sg1 type 0
[    4.696178] random: systemd-udevd: uninitialized urandom read (16 bytes read)
[    4.704156] sd 2:0:0:0: [sda] 20971520 512-byte logical blocks: (10.7 GB/10.0 GiB)
[    4.709402] sd 2:0:1:0: [sdb] 20480 512-byte logical blocks: (10.5 MB/10.0 MiB)
[    4.713591] sd 2:0:0:0: [sda] Write Protect is off
[    4.716293] sd 2:0:1:0: [sdb] Write Protect is off
[    4.719743] sd 2:0:1:0: [sdb] Incomplete mode parameter data
[    4.720113] sd 2:0:0:0: [sda] Incomplete mode parameter data
[    4.722923] sd 2:0:1:0: [sdb] Assuming drive cache: write through
[    4.726648] sd 2:0:0:0: [sda] Assuming drive cache: write through
[    4.805443]  sda: sda1
[    4.808569] sd 2:0:1:0: [sdb] Attached SCSI disk
[    4.809473] sd 2:0:0:0: [sda] Attached SCSI disk
Begin: Loading essential drivers ... [    7.444369] raid6: sse2x1   gen()  2210 MB/s
[    7.492212] raid6: sse2x1   xor()  1340 MB/s
[    7.540044] raid6: sse2x2   gen()  4587 MB/s
[    7.588856] raid6: sse2x2   xor()  2224 MB/s
[    7.636692] raid6: sse2x4   gen()  5150 MB/s
[    7.684529] raid6: sse2x4   xor()  2815 MB/s
[    7.732413] raid6: avx2x1   gen()  4131 MB/s
[    7.781194] raid6: avx2x1   xor()  2234 MB/s
[    7.828062] raid6: avx2x2   gen()  7831 MB/s
[    7.876872] raid6: avx2x2   xor()  4392 MB/s
[    7.924747] raid6: avx2x4   gen() 10622 MB/s
[    7.972558] raid6: avx2x4   xor()  6090 MB/s
[    7.974667] raid6: using algorithm avx2x4 gen() 10622 MB/s
[    7.977418] raid6: .... xor() 6090 MB/s, rmw enabled
[    7.979831] raid6: using avx2x2 recovery algorithm
[    7.984619] xor: automatically using best checksumming function   avx       
[    7.990415] async_tx: api initialized (async)
done.
Begin: Running /scripts/init-premount ... done.
Begin: Mounting root file system ... Begin: Running /scripts/local-top ... done.
Begin: Running /scripts/local-premount ... [    8.123204] Btrfs loaded, crc32c=crc32c-intel
Scanning for Btrfs filesystems
done.
Warning: fsck not present, so skipping root file system
[    8.342832] EXT4-fs (sda1): mounted filesystem with ordered data mode. Opts: (null)
done.
Begin: Running /scripts/local-bottom ... done.
Begin: Running /scripts/init-bottom ... done.
[   10.096802] random: crng init done
[   10.103856] random: 7 urandom warning(s) missed due to ratelimiting
[   10.122400] ip_tables: (C) 2000-2006 Netfilter Core Team
[   10.286596] systemd[1]: systemd 237 running in system mode. (+PAM +AUDIT +SELINUX +IMA +APPARMOR +SMACK +SYSVINIT +UTMP +LIBCRYPTSETUP +GCRYPT +GNUTLS +ACL +XZ +LZ4 +SECCOMP +BLKID +ELFUTILS +KMOD -IDN2 +IDN -PCRE2 default-hierarchy=hybrid)
[   10.316303] systemd[1]: Detected virtualization oracle.
[   10.320351] systemd[1]: Detected architecture x86-64.

Welcome to [1mUbuntu 18.04.3 LTS[0m!

[   10.378059] systemd[1]: Set hostname to <ubuntu>.
[   10.435156] systemd[1]: Initializing machine ID from random generator.
[   10.441667] systemd[1]: Installed transient /etc/machine-id file.
[   12.934002] systemd[1]: Created slice System Slice.
[[0;32m  OK  [0m] Created slice System Slice.
[   12.939356] systemd[1]: Listening on LVM2 metadata daemon socket.
[[0;32m  OK  [0m] Listening on LVM2 metadata daemon socket.
[   12.945597] systemd[1]: Listening on Network Service Netlink Socket.
[[0;32m  OK  [0m] Listening on Network Service Netlink Socket.
[   12.951679] systemd[1]: Listening on Syslog Socket.
[[0;32m  OK  [0m] Listening on Syslog Socket.
[[0;32m  OK  [0m] Listening on Journal Socket.
         Starting Remount Root and Kernel File Systems...
         Starting Uncomplicated firewall...
[[0;32m  OK  [0m] Listening on Device-mapper event daemon FIFOs.
         Starting Monitoring of LVM2 mirrors…ng dmeventd or progress polling...
[[0;32m  OK  [0m] Started Forward Password Requests to Wall Directory Watch.
[[0;32m  OK  [0m] Listening on Journal Audit Socket.
         Starting Create list of required st…ce nodes for the current kernel...
         Starting Set the console keyboard layout...
[[0;32m  OK  [0m] Reached target User and Group Name Lookups.
[[0;32m  OK  [0m] Listening on udev Control Socket.
[[0;32m  OK  [0m] Set up automount Arbitrary Executab…rmats File System Automount Point.
[   13.020689] EXT4-fs (sda1): re-mounted. Opts: (null)
[[0;32m  OK  [0m] Created slice system-serial\x2dgetty.slice.
         Mounting POSIX Message Queue File System...
[[0;32m  OK  [0m] Created slice User and Session Slice.
         Starting Load Kernel Modules...
[[0;32m  OK  [0m] Reached target Swap.
         Mounting Huge Pages File System...
[[0;32m  OK  [0m] Listening on /dev/initctl Compatibility Named Pipe.
[[0;32m  OK  [0m] Listening on LVM2 poll daemon socket.
[[0;32m  OK  [0m] Listening on Journal Socket (/dev/log).
         Starting Journal Service...
[[0;32m  OK  [0m] Listening on udev Kernel Socket.
         Mounting Kernel Debug File System...
[[0;32m  OK  [0m] Reached target System Time Synchronized.
[[0;32m  OK  [0m] Reached target Slices.
         Starting udev Coldplug all Devices...
[[0;32m  OK  [0m] Started Remount Root and Kernel File Systems.
[[0;32m  OK  [0m] Started Uncomplicated firewall.
[[0;32m  OK  [0m] Started Create list of required sta…vice nodes for the current kernel.
[[0;32m  OK  [0m] Mounted POSIX Message Queue File System.
[[0;32m  OK  [0m] Mounted Huge Pages File System.
[[0;32m  OK  [0m] Mounted Kernel Debug File System.
         Starting Create Static Device Nodes in /dev...
         Starting Load/Save Random Seed...
[[0;32m  OK  [0m] Started LVM2 metadata daemon.
[   13.989097] Loading iSCSI transport class v2.0-870.
[[0;32m  OK  [0m] Started Load/Save Random Seed.
[[0;32m  OK  [0m] Started udev Coldplug all Devices.
[   14.186920] iscsi: registered transport (tcp)
[[0;32m  OK  [0m] Started Journal Service.
         Starting Flush Journal to Persistent Storage...
[[0;32m  OK  [0m] Started Monitoring of LVM2 mirrors,…sing dmeventd or progress polling.
[   14.483938] systemd-journald[410]: Received request to flush runtime journal from PID 1
[[0;32m  OK  [0m] Started Create Static Device Nodes in /dev.
         Starting udev Kernel Device Manager...
[[0;32m  OK  [0m] Started Flush Journal to Persistent Storage.
[   14.899620] iscsi: registered transport (iser)
[[0;32m  OK  [0m] Started Load Kernel Modules.
         Mounting Kernel Configuration File System...
         Mounting FUSE Control File System...
         Starting Apply Kernel Variables...
[[0;32m  OK  [0m] Mounted Kernel Configuration File System.
[[0;32m  OK  [0m] Mounted FUSE Control File System.
[[0;32m  OK  [0m] Started udev Kernel Device Manager.
[[0;32m  OK  [0m] Started Apply Kernel Variables.
[[0;32m  OK  [0m] Found device /dev/ttyS0.
[[0;32m  OK  [0m] Listening on Load/Save RF Kill Switch Status /dev/rfkill Watch.
[[0;32m  OK  [0m] Started Set the console keyboard layout.
[[0;32m  OK  [0m] Reached target Local File Systems (Pre).
[[0;32m  OK  [0m] Reached target Local File Systems.
         Starting Commit a transient machine-id on disk...
         Starting Create Volatile Files and Directories...
         Starting AppArmor initialization...
         Starting ebtables ruleset management...
         Starting Set console font and keymap...
         Starting Tell Plymouth To Write Out Runtime Data...
[[0;32m  OK  [0m] Started Dispatch Password Requests to Console Directory Watch.
[[0;32m  OK  [0m] Reached target Local Encrypted Volumes.
[[0;32m  OK  [0m] Started Set console font and keymap.
[[0;32m  OK  [0m] Started Tell Plymouth To Write Out Runtime Data.
[[0;32m  OK  [0m] Started Create Volatile Files and Directories.
         Starting Update UTMP about System Boot/Shutdown...
[[0;32m  OK  [0m] Started Update UTMP about System Boot/Shutdown.
[[0;32m  OK  [0m] Started Commit a transient machine-id on disk.
[[0;32m  OK  [0m] Started ebtables ruleset management.
[[0;32m  OK  [0m] Started AppArmor initialization.
         Starting Initial cloud-init job (pre-networking)...
[   31.686537] cloud-init[686]: Cloud-init v. 19.2-36-g059d049c-0ubuntu2~18.04.1 running 'init-local' at Sun, 08 Dec 2019 20:51:25 +0000. Up 30.21 seconds.
[[0;32m  OK  [0m] Started Initial cloud-init job (pre-networking).
[[0;32m  OK  [0m] Reached target Network (Pre).
         Starting Network Service...
[[0;32m  OK  [0m] Started Network Service.
         Starting Network Name Resolution...
         Starting Wait for Network to be Configured...
[[0;32m  OK  [0m] Started Network Name Resolution.
[[0;32m  OK  [0m] Reached target Host and Network Name Lookups.
[[0;32m  OK  [0m] Reached target Network.
[[0;32m  OK  [0m] Started Wait for Network to be Configured.
         Starting Initial cloud-init job (metadata service crawler)...
[   35.594604] cloud-init[809]: Cloud-init v. 19.2-36-g059d049c-0ubuntu2~18.04.1 running 'init' at Sun, 08 Dec 2019 20:51:30 +0000. Up 35.04 seconds.
[   35.599233] cloud-init[809]: ci-info: ++++++++++++++++++++++++++++++++++++++Net device info++++++++++++++++++++++++++++++++++++++
[   35.602969] cloud-init[809]: ci-info: +--------+------+----------------------------+---------------+--------+-------------------+
[   35.606681] cloud-init[809]: ci-info: | Device |  Up  |          Address           |      Mask     | Scope  |     Hw-Address    |
[   35.610335] cloud-init[809]: ci-info: +--------+------+----------------------------+---------------+--------+-------------------+
[   35.613984] cloud-init[809]: ci-info: | enp0s3 | True |         10.0.2.15          | 255.255.255.0 | global | 02:4f:96:30:ef:2c |
[   35.617603] cloud-init[809]: ci-info: | enp0s3 | True | fe80::4f:96ff:fe30:ef2c/64 |       .       |  link  | 02:4f:96:30:ef:2c |
[   35.621221] cloud-init[809]: ci-info: |   lo   | True |         127.0.0.1          |   255.0.0.0   |  host  |         .         |
[   35.625889] cloud-init[809]: ci-info: |   lo   | True |          ::1/128           |       .       |  host  |         .         |
[   35.629496] cloud-init[809]: ci-info: +--------+------+----------------------------+---------------+--------+-------------------+
[   35.633744] cloud-init[809]: ci-info: ++++++++++++++++++++++++++++Route IPv4 info+++++++++++++++++++++++++++++
[   35.637358] cloud-init[809]: ci-info: +-------+-------------+----------+-----------------+-----------+-------+
[   35.641091] cloud-init[809]: ci-info: | Route | Destination | Gateway  |     Genmask     | Interface | Flags |
[   35.644612] cloud-init[809]: ci-info: +-------+-------------+----------+-----------------+-----------+-------+
[   35.648614] cloud-init[809]: ci-info: |   0   |   0.0.0.0   | 10.0.2.2 |     0.0.0.0     |   enp0s3  |   UG  |
[   35.652753] cloud-init[809]: ci-info: |   1   |   10.0.2.0  | 0.0.0.0  |  255.255.255.0  |   enp0s3  |   U   |
[   35.656225] cloud-init[809]: ci-info: |   2   |   10.0.2.2  | 0.0.0.0  | 255.255.255.255 |   enp0s3  |   UH  |
[   35.660273] cloud-init[809]: ci-info: +-------+-------------+----------+-----------------+-----------+-------+
[   35.663989] cloud-init[809]: ci-info: +++++++++++++++++++Route IPv6 info+++++++++++++++++++
[   35.667167] cloud-init[809]: ci-info: +-------+-------------+---------+-----------+-------+
[   35.670115] cloud-init[809]: ci-info: | Route | Destination | Gateway | Interface | Flags |
[   35.674585] cloud-init[809]: ci-info: +-------+-------------+---------+-----------+-------+
[   35.678035] cloud-init[809]: ci-info: |   1   |  fe80::/64  |    ::   |   enp0s3  |   U   |
[   35.681986] cloud-init[809]: ci-info: |   3   |    local    |    ::   |   enp0s3  |   U   |
[   35.685054] cloud-init[809]: ci-info: |   4   |   ff00::/8  |    ::   |   enp0s3  |   U   |
[   35.687661] cloud-init[809]: ci-info: +-------+-------------+---------+-----------+-------+
[   39.123669] cloud-init[809]: Generating public/private rsa key pair.
[   39.125992] cloud-init[809]: Your identification has been saved in /etc/ssh/ssh_host_rsa_key.
[   39.129565] cloud-init[809]: Your public key has been saved in /etc/ssh/ssh_host_rsa_key.pub.
[   39.132806] cloud-init[809]: The key fingerprint is:
[   39.135058] cloud-init[809]: SHA256:UKaio1HNz9KJCsrt6LHuTlIMDhST+xHr4i9xmqLRLAI root@ubuntu-bionic
[   39.144325] cloud-init[809]: The key's randomart image is:
[   39.146606] cloud-init[809]: +---[RSA 2048]----+
[   39.148390] cloud-init[809]: | +o     o        |
[   39.150738] cloud-init[809]: |...+   +         |
[   39.152593] cloud-init[809]: |o o * o          |
[   39.154590] cloud-init[809]: |o= + * o         |
[   39.156376] cloud-init[809]: |E.B + = S        |
[   39.158019] cloud-init[809]: |+X.* .           |
[   39.159795] cloud-init[809]: |O+X.             |
[   39.161689] cloud-init[809]: |=B=              |
[   39.163659] cloud-init[809]: |OBoo             |
[   39.165662] cloud-init[809]: +----[SHA256]-----+
[   39.167613] cloud-init[809]: Generating public/private dsa key pair.
[   39.170268] cloud-init[809]: Your identification has been saved in /etc/ssh/ssh_host_dsa_key.
[   39.174534] cloud-init[809]: Your public key has been saved in /etc/ssh/ssh_host_dsa_key.pub.
[   39.177628] cloud-init[809]: The key fingerprint is:
[   39.179268] cloud-init[809]: SHA256:eN3OnB7v9NYxesn5At27/V8nVaBDArkuXkAGEhIS6bU root@ubuntu-bionic
[   39.182220] cloud-init[809]: The key's randomart image is:
[   39.184291] cloud-init[809]: +---[DSA 1024]----+
[   39.186362] cloud-init[809]: |=+o...  .o. . .  |
[   39.188296] cloud-init[809]: |o. o  o .  o . . |
[   39.190303] cloud-init[809]: |. . .o   .  o   .|
[   39.192299] cloud-init[809]: | . E  .... . .  .|
[   39.194235] cloud-init[809]: |      .oS . .. ..|
[   39.196069] cloud-init[809]: |      ..o  +...+.|
[   39.198163] cloud-init[809]: |     . o    *.= X|
[   39.200059] cloud-init[809]: |      .    . =.O*|
[   39.201882] cloud-init[809]: |            ..++@|
[   39.203821] cloud-init[809]: +----[SHA256]-----+
[   39.205843] cloud-init[809]: Generating public/private ecdsa key pair.
[   39.208487] cloud-init[809]: Your identification has been saved in /etc/ssh/ssh_host_ecdsa_key.
[   39.211831] cloud-init[809]: Your public key has been saved in /etc/ssh/ssh_host_ecdsa_key.pub.
[   39.216019] cloud-init[809]: The key fingerprint is:
[   39.218156] cloud-init[809]: SHA256:GANwMvfyFhjWNoP0Q94Pgh6HMPu8HhQzuZEiqkEB+4s root@ubuntu-bionic
[   39.221636] cloud-init[809]: The key's randomart image is:
[   39.223831] cloud-init[809]: +---[ECDSA 256]---+
[   39.225864] cloud-init[809]: |o.*oBo.          |
[   39.227375] cloud-init[809]: | ..X.&=.         |
[   39.236710] cloud-init[809]: |o.o &.@oo        |
[   39.240952] cloud-init[809]: |oo = @ B o       |
[   39.243030] cloud-init[809]: |o . * + S .      |
[   39.244735] cloud-init[809]: |.o o o           |
[   39.246882] cloud-init[809]: |E . o            |
[   39.248998] cloud-init[809]: |   . .           |
[   39.250857] cloud-init[809]: |    .            |
[   39.252788] cloud-init[809]: +----[SHA256]-----+
[   39.254758] cloud-init[809]: Generating public/private ed25519 key pair.
[   39.257758] cloud-init[809]: Your identification has been saved in /etc/ssh/ssh_host_ed25519_key.
[   39.260907] cloud-init[809]: Your public key has been saved in /etc/ssh/ssh_host_ed25519_key.pub.
[   39.264670] cloud-init[809]: The key fingerprint is:
[   39.266401] cloud-init[809]: SHA256:yx6i2DjH9Dya1Kprgz9X4GL8Y0hgG82TEsKZUxUV6WI root@ubuntu-bionic
[   39.270668] cloud-init[809]: The key's randomart image is:
[   39.274728] cloud-init[809]: +--[ED25519 256]--+
[   39.276528] cloud-init[809]: |. +..oooo        |
[   39.278737] cloud-init[809]: |.*     .         |
[   39.280750] cloud-init[809]: |. = . .          |
[   39.282417] cloud-init[809]: |.+ =.E .         |
[   39.284325] cloud-init[809]: |.o+.o.. S        |
[   39.286826] cloud-init[809]: | .= o... .       |
[   39.289025] cloud-init[809]: | + *.+o +        |
[   39.291339] cloud-init[809]: |. *=B++o .       |
[   39.293265] cloud-init[809]: | o*X*o ..        |
[   39.295529] cloud-init[809]: +----[SHA256]-----+
[[0;32m  OK  [0m] Started Initial cloud-init job (metadata service crawler).
[[0;32m  OK  [0m] Reached target Network is Online.
[[0;32m  OK  [0m] Reached target Remote File Systems (Pre).
[[0;32m  OK  [0m] Reached target Remote File Systems.
         Starting Availability of block devices...
[[0;32m  OK  [0m] Reached target Cloud-config availability.
[[0;32m  OK  [0m] Reached target System Initialization.
         Starting LXD - unix socket.
[[0;32m  OK  [0m] Started Message of the Day.
[[0;32m  OK  [0m] Listening on Open-iSCSI iscsid Socket.
[[0;32m  OK  [0m] Started Discard unused blocks once a week.
         Starting Socket activation for snappy daemon.
[[0;32m  OK  [0m] Listening on ACPID Listen Socket.
[[0;32m  OK  [0m] Started ACPI Events Check.
[[0;32m  OK  [0m] Listening on UUID daemon activation socket.
[[0;32m  OK  [0m] Listening on D-Bus System Message Bus Socket.
[[0;32m  OK  [0m] Started Daily apt download activities.
[[0;32m  OK  [0m] Reached target Paths.
[[0;32m  OK  [0m] Started Daily apt upgrade and clean activities.
[[0;32m  OK  [0m] Started Daily Cleanup of Temporary Directories.
[[0;32m  OK  [0m] Reached target Timers.
[[0;32m  OK  [0m] Started Availability of block devices.
[[0;32m  OK  [0m] Listening on LXD - unix socket.
[[0;32m  OK  [0m] Listening on Socket activation for snappy daemon.
[[0;32m  OK  [0m] Reached target Sockets.
[[0;32m  OK  [0m] Reached target Basic System.
         Starting Login Service...
         Starting Virtualbox guest utils...
[[0;32m  OK  [0m] Started D-Bus System Message Bus.
         Starting LSB: Record successful boot for GRUB...
         Starting Pollinate to seed the pseudo random number generator...
         Starting Dispatcher daemon for systemd-networkd...
[[0;32m  OK  [0m] Started irqbalance daemon.
         Starting LSB: automatic crash report generation...
         Starting System Logging Service...
[[0;32m  OK  [0m] Started Regular background program processing daemon.
         Starting Permit User Sessions...
         Starting Snappy daemon...
[[0;32m  OK  [0m] Started FUSE filesystem for LXC.
[[0;32m  OK  [0m] Started Deferred execution scheduler.
         Starting Accounts Service...
         Starting LXD - container startup/shutdown...
[[0;32m  OK  [0m] Started Permit User Sessions.
[[0;32m  OK  [0m] Started Login Service.
[[0;32m  OK  [0m] Started Unattended Upgrades Shutdown.
         Starting Hold until boot process finishes up...
         Starting Terminate Plymouth Boot Screen...
[[0;32m  OK  [0m] Started Hold until boot process finishes up.
         Starting Set console scheme...
[[0;32m  OK  [0m] Started Serial Getty on ttyS0.
[[0;32m  OK  [0m] Started Terminate Plymouth Boot Screen.
[[0;32m  OK  [0m] Started Set console scheme.
[[0;32m  OK  [0m] Created slice system-getty.slice.
[[0;32m  OK  [0m] Started Getty on tty1.
[[0;32m  OK  [0m] Reached target Login Prompts.
[[0;32m  OK  [0m] Started LSB: automatic crash report generation.
[[0;32m  OK  [0m] Started System Logging Service.
[[0;32m  OK  [0m] Started LSB: Record successful boot for GRUB.
         Starting Authorization Manager...
[[0;32m  OK  [0m] Started Virtualbox guest utils.
[[0;32m  OK  [0m] Started Authorization Manager.
[[0;32m  OK  [0m] Started Accounts Service.

Ubuntu 18.04.3 LTS ubuntu-bionic ttyS0

ubuntu-bionic login: [   58.140965] cloud-init[1509]: Cloud-init v. 19.2-36-g059d049c-0ubuntu2~18.04.1 running 'modules:config' at Sun, 08 Dec 2019 20:51:50 +0000. Up 55.24 seconds.
ci-info: no authorized ssh keys fingerprints found for user ubuntu.
<14>Dec  8 20:51:54 ec2: 
<14>Dec  8 20:51:54 ec2: #############################################################
<14>Dec  8 20:51:54 ec2: -----BEGIN SSH HOST KEY FINGERPRINTS-----
<14>Dec  8 20:51:54 ec2: 1024 SHA256:eN3OnB7v9NYxesn5At27/V8nVaBDArkuXkAGEhIS6bU root@ubuntu-bionic (DSA)
<14>Dec  8 20:51:54 ec2: 256 SHA256:GANwMvfyFhjWNoP0Q94Pgh6HMPu8HhQzuZEiqkEB+4s root@ubuntu-bionic (ECDSA)
<14>Dec  8 20:51:54 ec2: 256 SHA256:yx6i2DjH9Dya1Kprgz9X4GL8Y0hgG82TEsKZUxUV6WI root@ubuntu-bionic (ED25519)
<14>Dec  8 20:51:54 ec2: 2048 SHA256:UKaio1HNz9KJCsrt6LHuTlIMDhST+xHr4i9xmqLRLAI root@ubuntu-bionic (RSA)
<14>Dec  8 20:51:54 ec2: -----END SSH HOST KEY FINGERPRINTS-----
<14>Dec  8 20:51:54 ec2: #############################################################
-----BEGIN SSH HOST KEY KEYS-----
ecdsa-sha2-nistp256 AAAAE2VjZHNhLXNoYTItbmlzdHAyNTYAAAAIbmlzdHAyNTYAAABBBC2vw9vAkOjl2kK1FRp3kHK2LMcch8ONFiHRWsPwJWCcS30K9DGAlCLCQM2i/1wBPIP/0tCkpx91AGOxxTIdZaI= root@ubuntu-bionic
ssh-ed25519 AAAAC3NzaC1lZDI1NTE5AAAAIAfovyhuPF0y1M5s9iHnTr+AmC7fKOxif2MFaexYMR+g root@ubuntu-bionic
ssh-rsa AAAAB3NzaC1yc2EAAAADAQABAAABAQDKh5rS+Pasr2lAGz7OYQ575mYmSVHBh1uojgTuCv6UlyPmEDFppUeAH9NinyCTva/EvPiiKtgzRevpFUSJDxnEUQuI2vbY+faX2GHaFqySy/K0e/M95zHUbIWqIhmQPGNxdJ6hl0mWktdXBP5sF5L6I8IF1LwHXe5q10UDd801yr3TMLndJHE/FjZhg5LiXxFsxK1FRI+xZ9EPkKbSRUk8yAtrmVgbT9Pk4wsI9xaPWy6RcIuFJWJRJcu9Fo4lH2R3IlPtUsR+ERmk0V1VN23TiRe28MH/tC6WHTyYNU8GcLNLSvZSpxg5P9rQ780C752TIQoLM65PRlqLW9nA5j45 root@ubuntu-bionic
-----END SSH HOST KEY KEYS-----
[   59.941667] cloud-init[1736]: Cloud-init v. 19.2-36-g059d049c-0ubuntu2~18.04.1 running 'modules:final' at Sun, 08 Dec 2019 20:51:54 +0000. Up 59.41 seconds.
[   59.941900] cloud-init[1736]: ci-info: no authorized ssh keys fingerprints found for user ubuntu.
[   59.945394] cloud-init[1736]: Cloud-init v. 19.2-36-g059d049c-0ubuntu2~18.04.1 finished at Sun, 08 Dec 2019 20:51:54 +0000. Datasource DataSourceNoCloud [seed=/dev/sdb][dsmode=net].  Up 59.92 seconds
